<?xml version='1.0' encoding='UTF-8'?>
<testsuite hostname="DESKTOP-279MANB" name="au.com.agiledigital.toolform.command.generate.kubernetes.minishift.GenerateMinishiftCommandTest" tests="8" errors="0" failures="0" skipped="0" time="0.499" timestamp="2019-12-02T09:58:02">
                     <properties>
      <property name="awt.toolkit" value="sun.awt.X11.XToolkit"/><property name="java.specification.version" value="11"/><property name="sun.cpu.isalist" value=""/><property name="sun.jnu.encoding" value="UTF-8"/><property name="sun.arch.data.model" value="64"/><property name="java.vendor.url" value="https://ubuntu.com/"/><property name="sun.boot.library.path" value="/usr/lib/jvm/java-11-openjdk-amd64/lib"/><property name="sun.java.command" value="/usr/share/sbt/bin/sbt-launch.jar clean test"/><property name="jdk.debug" value="release"/><property name="java.specification.vendor" value="Oracle Corporation"/><property name="java.version.date" value="2019-07-16"/><property name="java.home" value="/usr/lib/jvm/java-11-openjdk-amd64"/><property name="file.separator" value="/"/><property name="java.vm.compressedOopsMode" value="32-bit"/><property name="line.separator" value="
"/><property name="java.specification.name" value="Java Platform API Specification"/><property name="java.vm.specification.vendor" value="Oracle Corporation"/><property name="sun.management.compiler" value="HotSpot 64-Bit Tiered Compilers"/><property name="java.runtime.version" value="11.0.4+11-post-Ubuntu-1ubuntu218.04.3"/><property name="user.name" value="root"/><property name="log4j.ignoreTCL" value="true"/><property name="file.encoding" value="UTF-8"/><property name="java.io.tmpdir" value="/tmp"/><property name="java.version" value="11.0.4"/><property name="java.vm.specification.name" value="Java Virtual Machine Specification"/><property name="java.awt.printerjob" value="sun.print.PSPrinterJob"/><property name="sun.os.patch.level" value="unknown"/><property name="java.library.path" value="/usr/java/packages/lib:/usr/lib/x86_64-linux-gnu/jni:/lib/x86_64-linux-gnu:/usr/lib/x86_64-linux-gnu:/usr/lib/jni:/lib:/usr/lib"/><property name="java.vendor" value="Ubuntu"/><property name="scala.ext.dirs" value="/root/.sbt/0.13/java9-rt-ext-ubuntu_11_0_4"/><property name="sun.io.unicode.encoding" value="UnicodeLittle"/><property name="java.class.path" value="/usr/share/sbt/bin/sbt-launch.jar"/><property name="java.vm.vendor" value="Ubuntu"/><property name="jline.shutdownhook" value="false"/><property name="user.timezone" value="Australia/Sydney"/><property name="os.name" value="Linux"/><property name="java.vm.specification.version" value="11"/><property name="sun.java.launcher" value="SUN_STANDARD"/><property name="sun.cpu.endian" value="little"/><property name="user.home" value="/root"/><property name="user.language" value="en"/><property name="swoval.tmpdir" value="/root/.sbt/1.0"/><property name="java.awt.graphicsenv" value="sun.awt.X11GraphicsEnvironment"/><property name="jline.esc.timeout" value="0"/><property name="path.separator" value=":"/><property name="os.version" value="4.4.0-18362-Microsoft"/><property name="jna.nosys" value="true"/><property name="java.runtime.name" value="OpenJDK Runtime Environment"/><property name="java.vm.name" value="OpenJDK 64-Bit Server VM"/><property name="java.vendor.url.bug" value="https://bugs.launchpad.net/ubuntu/+source/openjdk-lts"/><property name="user.dir" value="/home/shouv/test/toolform"/><property name="os.arch" value="amd64"/><property name="java.vm.info" value="mixed mode, sharing"/><property name="java.vm.version" value="11.0.4+11-post-Ubuntu-1ubuntu218.04.3"/><property name="java.class.version" value="55.0"/>
    </properties>
                     <testcase classname="au.com.agiledigital.toolform.command.generate.kubernetes.minishift.GenerateMinishiftCommandTest" name="runGenerateMinishift should generate valid Kubernetes (Minishift flavour) specs for scenario: endpointroutes" time="0.392">
                                                 
                                               </testcase><testcase classname="au.com.agiledigital.toolform.command.generate.kubernetes.minishift.GenerateMinishiftCommandTest" name="runGenerateMinishift should generate valid Kubernetes (Minishift flavour) specs for scenario: environment" time="0.022">
                                                 
                                               </testcase><testcase classname="au.com.agiledigital.toolform.command.generate.kubernetes.minishift.GenerateMinishiftCommandTest" name="runGenerateMinishift should generate valid Kubernetes (Minishift flavour) specs for scenario: exposedports" time="0.015">
                                                 
                                               </testcase><testcase classname="au.com.agiledigital.toolform.command.generate.kubernetes.minishift.GenerateMinishiftCommandTest" name="runGenerateMinishift should generate valid Kubernetes (Minishift flavour) specs for scenario: externalports" time="0.01">
                                                 
                                               </testcase><testcase classname="au.com.agiledigital.toolform.command.generate.kubernetes.minishift.GenerateMinishiftCommandTest" name="runGenerateMinishift should generate valid Kubernetes (Minishift flavour) specs for scenario: pathalogicalnaming" time="0.012">
                                                 
                                               </testcase><testcase classname="au.com.agiledigital.toolform.command.generate.kubernetes.minishift.GenerateMinishiftCommandTest" name="runGenerateMinishift should generate valid Kubernetes (Minishift flavour) specs for scenario: persistentvolumes" time="0.018">
                                                 
                                               </testcase><testcase classname="au.com.agiledigital.toolform.command.generate.kubernetes.minishift.GenerateMinishiftCommandTest" name="runGenerateMinishift should generate valid Kubernetes (Minishift flavour) specs for scenario: realworldsample" time="0.018">
                                                 
                                               </testcase><testcase classname="au.com.agiledigital.toolform.command.generate.kubernetes.minishift.GenerateMinishiftCommandTest" name="runGenerateMinishift should generate valid Kubernetes (Minishift flavour) specs for scenario: seti" time="0.012">
                                                 
                                               </testcase>
                     <system-out><![CDATA[]]></system-out>
                     <system-err><![CDATA[]]></system-err>
                   </testsuite>