<?xml version="1.0" encoding="UTF-8" ?>
<testsuite 
errors="0" failures="0" hostname="DESKTOP-279MANB" name="au.com.agiledigital.toolform.command.generate.kubernetes.minikube.GenerateMinikubeTest" tests="11" time="0.579" timestamp="2019-12-02T09:58:02">
  <properties>
    <property name="jline.esc.timeout" value="0"/>
    <property name="java.runtime.name" value="OpenJDK Runtime Environment"/>
    <property 
    name="java.vm.version" value="11.0.4+11-post-Ubuntu-1ubuntu218.04.3">
</property>
    <property 
    name="sun.boot.library.path" value="/usr/lib/jvm/java-11-openjdk-amd64/lib">
</property>
    <property name="java.vm.vendor" value="Ubuntu"/>
    <property name="java.vendor.url" value="https://ubuntu.com/"/>
    <property name="path.separator" value=":"/>
    <property name="java.vm.name" value="OpenJDK 64-Bit Server VM"/>
    <property name="sun.os.patch.level" value="unknown"/>
    <property name="sun.java.launcher" value="SUN_STANDARD"/>
    <property name="jna.nosys" value="true"/>
    <property 
    name="java.vm.specification.name" value="Java Virtual Machine Specification">
</property>
    <property name="user.dir" value="/home/shouv/test/toolform"/>
    <property name="java.vm.compressedOopsMode" value="32-bit"/>
    <property 
    name="java.runtime.version" value="11.0.4+11-post-Ubuntu-1ubuntu218.04.3">
</property>
    <property 
    name="java.awt.graphicsenv" value="sun.awt.X11GraphicsEnvironment">
</property>
    <property name="os.arch" value="amd64"/>
    <property name="java.io.tmpdir" value="/tmp"/>
    <property name="line.separator" value=" "/>
    <property name="java.vm.specification.vendor" value="Oracle Corporation"/>
    <property name="log4j.ignoreTCL" value="true"/>
    <property name="os.name" value="Linux"/>
    <property name="sun.jnu.encoding" value="UTF-8"/>
    <property 
    name="scala.ext.dirs" value="/root/.sbt/0.13/java9-rt-ext-ubuntu_11_0_4">
</property>
    <property 
    name="java.library.path" value="/usr/java/packages/lib:/usr/lib/x86_64-linux-gnu/jni:/lib/x86_64-linux-gnu:/usr/lib/x86_64-linux-gnu:/usr/lib/jni:/lib:/usr/lib">
</property>
    <property name="jdk.debug" value="release"/>
    <property name="java.class.version" value="55.0"/>
    <property 
    name="java.specification.name" value="Java Platform API Specification">
</property>
    <property 
    name="sun.management.compiler" value="HotSpot 64-Bit Tiered Compilers">
</property>
    <property name="os.version" value="4.4.0-18362-Microsoft"/>
    <property name="user.home" value="/root"/>
    <property name="swoval.tmpdir" value="/root/.sbt/1.0"/>
    <property name="user.timezone" value="Australia/Sydney"/>
    <property name="java.awt.printerjob" value="sun.print.PSPrinterJob"/>
    <property name="file.encoding" value="UTF-8"/>
    <property name="java.specification.version" value="11"/>
    <property name="user.name" value="root"/>
    <property name="java.class.path" value="/usr/share/sbt/bin/sbt-launch.jar">
    </property>
    <property name="jline.shutdownhook" value="false"/>
    <property name="java.vm.specification.version" value="11"/>
    <property name="sun.arch.data.model" value="64"/>
    <property 
    name="sun.java.command" value="/usr/share/sbt/bin/sbt-launch.jar clean test">
</property>
    <property name="java.home" value="/usr/lib/jvm/java-11-openjdk-amd64"/>
    <property name="user.language" value="en"/>
    <property name="java.specification.vendor" value="Oracle Corporation"/>
    <property name="awt.toolkit" value="sun.awt.X11.XToolkit"/>
    <property name="java.vm.info" value="mixed mode, sharing"/>
    <property name="java.version" value="11.0.4"/>
    <property name="java.vendor" value="Ubuntu"/>
    <property name="file.separator" value="/"/>
    <property name="java.version.date" value="2019-07-16"/>
    <property 
    name="java.vendor.url.bug" value="https://bugs.launchpad.net/ubuntu/+source/openjdk-lts">
</property>
    <property name="sun.io.unicode.encoding" value="UnicodeLittle"/>
    <property name="sun.cpu.endian" value="little"/>
    <property name="sun.cpu.isalist" value=""/>
  </properties>
  <testcase 
  name="runGenerateMinikube should generate valid Kubernetes (Minikube flavour) specs for scenario: endpointroutes" classname="au.com.agiledigital.toolform.command.generate.kubernetes.minikube.GenerateMinikubeTest" time="0.383">
</testcase>
  <testcase 
  name="runGenerateMinikube should generate valid Kubernetes (Minikube flavour) specs for scenario: environment" classname="au.com.agiledigital.toolform.command.generate.kubernetes.minikube.GenerateMinikubeTest" time="0.021">
</testcase>
  <testcase 
  name="runGenerateMinikube should generate valid Kubernetes (Minikube flavour) specs for scenario: exposedports" classname="au.com.agiledigital.toolform.command.generate.kubernetes.minikube.GenerateMinikubeTest" time="0.013">
</testcase>
  <testcase 
  name="runGenerateMinikube should generate valid Kubernetes (Minikube flavour) specs for scenario: externalports" classname="au.com.agiledigital.toolform.command.generate.kubernetes.minikube.GenerateMinikubeTest" time="0.013">
</testcase>
  <testcase 
  name="runGenerateMinikube should generate valid Kubernetes (Minikube flavour) specs for scenario: pathalogicalnaming" classname="au.com.agiledigital.toolform.command.generate.kubernetes.minikube.GenerateMinikubeTest" time="0.012">
</testcase>
  <testcase 
  name="runGenerateMinikube should generate valid Kubernetes (Minikube flavour) specs for scenario: persistentvolumes" classname="au.com.agiledigital.toolform.command.generate.kubernetes.minikube.GenerateMinikubeTest" time="0.018">
</testcase>
  <testcase 
  name="runGenerateMinikube should generate valid Kubernetes (Minikube flavour) specs for scenario: realworldsample" classname="au.com.agiledigital.toolform.command.generate.kubernetes.minikube.GenerateMinikubeTest" time="0.019">
</testcase>
  <testcase 
  name="runGenerateMinikube should generate valid Kubernetes (Minikube flavour) specs for scenario: seti" classname="au.com.agiledigital.toolform.command.generate.kubernetes.minikube.GenerateMinikubeTest" time="0.011">
</testcase>
  <testcase 
  name="generate minikube output with invalid out dir should fail with error" classname="au.com.agiledigital.toolform.command.generate.kubernetes.minikube.GenerateMinikubeTest" time="0.004">
</testcase>
  <testcase 
  name="isDiskResourceType should should return true if resource is disk type" classname="au.com.agiledigital.toolform.command.generate.kubernetes.minikube.GenerateMinikubeTest" time="0.005">
</testcase>
  <testcase 
  name="isDiskResourceType should should return false if resource is not disk type" classname="au.com.agiledigital.toolform.command.generate.kubernetes.minikube.GenerateMinikubeTest" time="0.001">
</testcase>
  <system-out><![CDATA[]]></system-out>
  <system-err><![CDATA[]]></system-err>
</testsuite>
